{"name": "test_search_user_004", "status": "failed", "statusDetails": {"message": "AssertionError: assert False", "trace": "self = <testCases.test_Search_User.Test_Search_User object at 0x000001138CEC5F70>\nsetup = <selenium.webdriver.chrome.webdriver.WebDriver (session=\"7652c625a956810caa991508abad0c6f\")>\n\n    @pytest.mark.sanity\n    @pytest.mark.group2\n    def test_search_user_004(self,setup):\n        self.driver = setup\n        self.lp = Login_Class(self.driver)\n        self.lp.Click_Login_Link()\n        self.lp.Enter_Username(self.Username)\n        self.lp.Enter_Password(self.Password)\n        self.lp.Click_Login_Button()\n        self.su = Search_User_Class(self.driver)\n        self.su.Click_Link_User_Management()\n        self.su.Enter_UserName(\"Tushar1\")\n        self.driver.execute_script(\"window.scrollTo(0, document.body.scrollHeight);\")\n        #time.sleep(5)\n        self.su.Click_Search_User_Button()\n        time.sleep(3)\n        if self.su.Validate_Search_User() == \"pass\":\n            assert True\n        else:\n>           assert False\nE           assert False\n\ntestCases\\test_Search_User.py:33: AssertionError"}, "start": 1723374286315, "stop": 1723374303298, "uuid": "3c6e8643-2823-44bb-b517-740ef431e1b1", "historyId": "b9b805b70bccaa6f81c048e29610aa98", "testCaseId": "b9b805b70bccaa6f81c048e29610aa98", "fullName": "testCases.test_Search_User.Test_Search_User#test_search_user_004", "labels": [{"name": "tag", "value": "group2"}, {"name": "tag", "value": "sanity"}, {"name": "parentSuite", "value": "testCases"}, {"name": "suite", "value": "test_Search_User"}, {"name": "subSuite", "value": "Test_Search_User"}, {"name": "host", "value": "LAPTOP-FSSPCLG9"}, {"name": "thread", "value": "18956-MainThread"}, {"name": "framework", "value": "pytest"}, {"name": "language", "value": "cpython3"}, {"name": "package", "value": "testCases.test_Search_User"}]}